[debug] [2021-05-10T17:43:22.883Z] ----------------------------------------------------------------------
[debug] [2021-05-10T17:43:22.887Z] Command:       C:\Program Files\nodejs\node.exe C:\Users\omnia\AppData\Roaming\npm\node_modules\firebase-tools\lib\bin\firebase.js init
[debug] [2021-05-10T17:43:22.887Z] CLI Version:   9.10.2
[debug] [2021-05-10T17:43:22.887Z] Platform:      win32
[debug] [2021-05-10T17:43:22.887Z] Node Version:  v14.16.0
[debug] [2021-05-10T17:43:22.888Z] Time:          Mon May 10 2021 19:43:22 GMT+0200 (Eastern European Standard Time)
[debug] [2021-05-10T17:43:22.889Z] ----------------------------------------------------------------------
[debug] 
[debug] [2021-05-10T17:43:22.896Z] > command requires scopes: ["email","openid","https://www.googleapis.com/auth/cloudplatformprojects.readonly","https://www.googleapis.com/auth/firebase","https://www.googleapis.com/auth/cloud-platform"]
[debug] [2021-05-10T17:43:22.896Z] > authorizing via signed-in user (omniamostafa1998@gmail.com)
[info] 
     ######## #### ########  ######## ########     ###     ######  ########
     ##        ##  ##     ## ##       ##     ##  ##   ##  ##       ##
     ######    ##  ########  ######   ########  #########  ######  ######
     ##        ##  ##    ##  ##       ##     ## ##     ##       ## ##
     ##       #### ##     ## ######## ########  ##     ##  ######  ########

You're about to initialize a Firebase project in this directory:

  D:\ITI labs\Angular\New folder

[info] 
=== Project Setup
[info] 
[info] First, let's associate this project directory with a Firebase project.
[info] You can create multiple project aliases by running firebase use --add, 
[info] but for now we'll just set up a default project.
[info] 
[debug] [2021-05-10T17:45:17.839Z] > refreshing access token with scopes: []
[debug] [2021-05-10T17:45:17.840Z] >>> HTTP REQUEST POST https://www.googleapis.com/oauth2/v3/token  
 <request body omitted>
[debug] [2021-05-10T17:45:18.269Z] <<< HTTP RESPONSE 200 {"expires":"Mon, 01 Jan 1990 00:00:00 GMT","cache-control":"no-cache, no-store, max-age=0, must-revalidate","pragma":"no-cache","date":"Mon, 10 May 2021 17:45:18 GMT","content-type":"application/json; charset=utf-8","vary":"X-Origin, Referer, Origin,Accept-Encoding","server":"scaffolding on HTTPServer2","x-xss-protection":"0","x-frame-options":"SAMEORIGIN","x-content-type-options":"nosniff","alt-svc":"h3-29=\":443\"; ma=2592000,h3-T051=\":443\"; ma=2592000,h3-Q050=\":443\"; ma=2592000,h3-Q046=\":443\"; ma=2592000,h3-Q043=\":443\"; ma=2592000,quic=\":443\"; ma=2592000; v=\"46,43\"","accept-ranges":"none","transfer-encoding":"chunked"}
[debug] [2021-05-10T17:45:18.716Z] >>> [apiv2][query] GET https://firebase.googleapis.com/v1beta1/projects pageSize=100
[debug] [2021-05-10T17:45:19.315Z] <<< [apiv2][status] GET https://firebase.googleapis.com/v1beta1/projects 200
[debug] [2021-05-10T17:45:19.315Z] <<< [apiv2][body] GET https://firebase.googleapis.com/v1beta1/projects [omitted]
[info] i  Using project cloudcomputing-9edb9 (CloudComputing) 
[info] 
=== Database Setup
[info] i  database: ensuring required API firebasedatabase.googleapis.com is enabled... 
[debug] [2021-05-10T17:48:45.893Z] > refreshing access token with scopes: ["email","https://www.googleapis.com/auth/cloud-platform","https://www.googleapis.com/auth/cloudplatformprojects.readonly","https://www.googleapis.com/auth/firebase","openid"]
[debug] [2021-05-10T17:48:45.894Z] >>> HTTP REQUEST POST https://www.googleapis.com/oauth2/v3/token  
 <request body omitted>
[debug] [2021-05-10T17:48:46.262Z] <<< HTTP RESPONSE 200 {"expires":"Mon, 01 Jan 1990 00:00:00 GMT","pragma":"no-cache","date":"Mon, 10 May 2021 17:48:46 GMT","cache-control":"no-cache, no-store, max-age=0, must-revalidate","content-type":"application/json; charset=utf-8","vary":"X-Origin, Referer, Origin,Accept-Encoding","server":"scaffolding on HTTPServer2","x-xss-protection":"0","x-frame-options":"SAMEORIGIN","x-content-type-options":"nosniff","alt-svc":"h3-29=\":443\"; ma=2592000,h3-T051=\":443\"; ma=2592000,h3-Q050=\":443\"; ma=2592000,h3-Q046=\":443\"; ma=2592000,h3-Q043=\":443\"; ma=2592000,quic=\":443\"; ma=2592000; v=\"46,43\"","accept-ranges":"none","transfer-encoding":"chunked"}
[debug] [2021-05-10T17:48:46.348Z] >>> HTTP REQUEST GET https://serviceusage.googleapis.com/v1/projects/cloudcomputing-9edb9/services/firebasedatabase.googleapis.com  
 
[debug] [2021-05-10T17:48:47.582Z] <<< HTTP RESPONSE 200 {"content-type":"application/json; charset=UTF-8","vary":"X-Origin, Referer, Origin,Accept-Encoding","date":"Mon, 10 May 2021 17:48:48 GMT","server":"ESF","cache-control":"private","x-xss-protection":"0","x-frame-options":"SAMEORIGIN","x-content-type-options":"nosniff","alt-svc":"h3-29=\":443\"; ma=2592000,h3-T051=\":443\"; ma=2592000,h3-Q050=\":443\"; ma=2592000,h3-Q046=\":443\"; ma=2592000,h3-Q043=\":443\"; ma=2592000,quic=\":443\"; ma=2592000; v=\"46,43\"","accept-ranges":"none","transfer-encoding":"chunked"}
[warn] !  database: missing required API firebasedatabase.googleapis.com. Enabling now... 
[debug] [2021-05-10T17:48:47.589Z] >>> HTTP REQUEST POST https://serviceusage.googleapis.com/v1/projects/cloudcomputing-9edb9/services/firebasedatabase.googleapis.com:enable  
 
[debug] [2021-05-10T17:48:49.438Z] <<< HTTP RESPONSE 200 {"content-type":"application/json; charset=UTF-8","vary":"X-Origin, Referer, Origin,Accept-Encoding","date":"Mon, 10 May 2021 17:48:50 GMT","server":"ESF","cache-control":"private","x-xss-protection":"0","x-frame-options":"SAMEORIGIN","x-content-type-options":"nosniff","alt-svc":"h3-29=\":443\"; ma=2592000,h3-T051=\":443\"; ma=2592000,h3-Q050=\":443\"; ma=2592000,h3-Q046=\":443\"; ma=2592000,h3-Q043=\":443\"; ma=2592000,quic=\":443\"; ma=2592000; v=\"46,43\"","accept-ranges":"none","transfer-encoding":"chunked"}
[debug] [2021-05-10T17:48:59.441Z] >>> HTTP REQUEST GET https://serviceusage.googleapis.com/v1/projects/cloudcomputing-9edb9/services/firebasedatabase.googleapis.com  
 
[debug] [2021-05-10T17:49:00.565Z] <<< HTTP RESPONSE 200 {"content-type":"application/json; charset=UTF-8","vary":"X-Origin, Referer, Origin,Accept-Encoding","date":"Mon, 10 May 2021 17:49:01 GMT","server":"ESF","cache-control":"private","x-xss-protection":"0","x-frame-options":"SAMEORIGIN","x-content-type-options":"nosniff","alt-svc":"h3-29=\":443\"; ma=2592000,h3-T051=\":443\"; ma=2592000,h3-Q050=\":443\"; ma=2592000,h3-Q046=\":443\"; ma=2592000,h3-Q043=\":443\"; ma=2592000,quic=\":443\"; ma=2592000; v=\"46,43\"","accept-ranges":"none","transfer-encoding":"chunked"}
[info] +  database: required API firebasedatabase.googleapis.com is enabled 
[info] 
[debug] [2021-05-10T17:49:00.578Z] >>> HTTP REQUEST GET https://firebasedatabase.googleapis.com/v1beta/projects/cloudcomputing-9edb9/locations/-/instances/cloudcomputing-9edb9  
 
[debug] [2021-05-10T17:49:01.275Z] <<< HTTP RESPONSE 200 {"content-type":"application/json; charset=UTF-8","vary":"X-Origin, Referer, Origin,Accept-Encoding","date":"Mon, 10 May 2021 17:49:01 GMT","server":"ESF","cache-control":"private","x-xss-protection":"0","x-frame-options":"SAMEORIGIN","x-content-type-options":"nosniff","alt-svc":"h3-29=\":443\"; ma=2592000,h3-T051=\":443\"; ma=2592000,h3-Q050=\":443\"; ma=2592000,h3-Q046=\":443\"; ma=2592000,h3-Q043=\":443\"; ma=2592000,quic=\":443\"; ma=2592000; v=\"46,43\"","accept-ranges":"none","transfer-encoding":"chunked"}
[info] 
[info] Firebase Realtime Database Security Rules allow you to define how your data should be
[info] structured and when your data can be read from and written to.
[info] 
[debug] [2021-05-10T17:49:08.414Z] >>> HTTP REQUEST GET https://cloudcomputing-9edb9.firebaseio.com/.settings/rules.json  
 
[debug] [2021-05-10T17:49:09.785Z] <<< HTTP RESPONSE 200 {"server":"nginx","date":"Mon, 10 May 2021 17:49:10 GMT","content-type":"application/json; charset=utf-8","content-length":"161","connection":"keep-alive","access-control-allow-origin":"*","cache-control":"no-cache","strict-transport-security":"max-age=31556926; includeSubDomains; preload"}
[info] +  Database Rules for cloudcomputing-9edb9 have been written to database.rules.json. 
[info] Future modifications to database.rules.json will update Realtime Database Security Rules when you run
[info] firebase deploy.
[info] 
=== Hosting Setup
[info] 
[info] Your public directory is the folder (relative to your project directory) that
[info] will contain Hosting assets to be uploaded with firebase deploy. If you
[info] have a build process for your assets, use your build's output directory.
[info] 
[debug] [2021-05-10T17:49:38.183Z] >>> [apiv2][query] GET https://www.gstatic.com/firebasejs/releases.json [none]
[debug] [2021-05-10T17:49:38.585Z] <<< [apiv2][status] GET https://www.gstatic.com/firebasejs/releases.json 200
[debug] [2021-05-10T17:49:38.586Z] <<< [apiv2][body] GET https://www.gstatic.com/firebasejs/releases.json {"current":{"version":"8.5.0","browserURL":"https://www.gstatic.com/firebasejs/8.5.0/firebase.js","packageURL":"https://www.gstatic.com/firebasejs/8.5.0/firebase.tgz"},"live":{"version":"8.5","browserURL":"https://www.gstatic.com/firebasejs/live/8.5/firebase.js","packageURL":"https://www.gstatic.com/firebasejs/live/8.5/firebase.tgz"},"components":{"analytics":"https://www.gstatic.com/firebasejs/8.5.0/firebase-analytics.js","app":"https://www.gstatic.com/firebasejs/8.5.0/firebase-app.js","auth":"https://www.gstatic.com/firebasejs/8.5.0/firebase-auth.js","database":"https://www.gstatic.com/firebasejs/8.5.0/firebase-database.js","firestore":"https://www.gstatic.com/firebasejs/8.5.0/firebase-firestore.js","functions":"https://www.gstatic.com/firebasejs/8.5.0/firebase-functions.js","installations":"https://www.gstatic.com/firebasejs/8.5.0/firebase-installations.js","messaging":"https://www.gstatic.com/firebasejs/8.5.0/firebase-messaging.js","storage":"https://www.gstatic.com/firebasejs/8.5.0/firebase-storage.js","performance":"https://www.gstatic.com/firebasejs/8.5.0/firebase-performance.js","remote-config":"https://www.gstatic.com/firebasejs/8.5.0/firebase-remote-config.js","firestore.memory":"https://www.gstatic.com/firebasejs/8.5.0/firebase-firestore.memory.js"}}
[info] +  Wrote public/index.html 
[info] 
[info] i  Detected a .git folder at D:\ITI labs\Angular\New folder 
[info] i  Authorizing with GitHub to upload your service account to a GitHub repository's secrets store. 
[info] 
[info] Visit this URL on this device to log in:
[info] https://github.com/login/oauth/authorize?client_id=89cf50f02ac6aaed3484&state=68677197&redirect_uri=http%3A%2F%2Flocalhost%3A9005&scope=read%3Auser%20repo%20public_repo
[info] 
[info] Waiting for authentication...
[debug] [2021-05-10T17:49:45.417Z] >>> HTTP REQUEST POST https://github.com/login/oauth/access_token  
 {"client_id":"89cf50f02ac6aaed3484","client_secret":"3330d14abc895d9a74d5f17cd7a00711fa2c5bf0","code":"6c75e635e3c10beee0ab","redirect_uri":"http://localhost:9005","state":"68677197"}
[debug] [2021-05-10T17:49:45.981Z] <<< HTTP RESPONSE 200 {"server":"GitHub.com","date":"Mon, 10 May 2021 17:49:46 GMT","content-type":"application/json; charset=utf-8","transfer-encoding":"chunked","vary":"X-PJAX, Accept-Encoding, Accept, X-Requested-With","permissions-policy":"interest-cohort=()","etag":"W/\"8283819f034af4679795fbc8c735442b\"","cache-control":"max-age=0, private, must-revalidate","strict-transport-security":"max-age=31536000; includeSubdomains; preload","x-frame-options":"deny","x-content-type-options":"nosniff","x-xss-protection":"0","referrer-policy":"origin-when-cross-origin, strict-origin-when-cross-origin","expect-ct":"max-age=2592000, report-uri=\"https://api.github.com/_private/browser/errors\"","content-security-policy":"default-src 'none'; base-uri 'self'; block-all-mixed-content; connect-src 'self' uploads.github.com www.githubstatus.com collector.githubapp.com api.github.com github-cloud.s3.amazonaws.com github-production-repository-file-5c1aeb.s3.amazonaws.com github-production-upload-manifest-file-7fdce7.s3.amazonaws.com github-production-user-asset-6210df.s3.amazonaws.com cdn.optimizely.com logx.optimizely.com/v1/events wss://alive.github.com; font-src github.githubassets.com; form-action 'self' github.com gist.github.com; frame-ancestors 'none'; frame-src render.githubusercontent.com; img-src 'self' data: github.githubassets.com identicons.github.com collector.githubapp.com github-cloud.s3.amazonaws.com secured-user-images.githubusercontent.com/ *.githubusercontent.com; manifest-src 'self'; media-src 'none'; script-src github.githubassets.com; style-src 'unsafe-inline' github.githubassets.com; worker-src github.com/socket-worker-3f088aa2.js gist.github.com/socket-worker-3f088aa2.js","x-github-request-id":"3AF1:3ACC:63FFFBC:665A8A9:6099723A"}
[debug] [2021-05-10T17:49:46.025Z] >>> [apiv2][query] GET https://api.github.com/user [none]
[debug] [2021-05-10T17:49:46.562Z] <<< [apiv2][status] GET https://api.github.com/user 200
[debug] [2021-05-10T17:49:46.562Z] <<< [apiv2][body] GET https://api.github.com/user {"login":"OmniaMostafa98","id":78200791,"node_id":"MDQ6VXNlcjc4MjAwNzkx","avatar_url":"https://avatars.githubusercontent.com/u/78200791?v=4","gravatar_id":"","url":"https://api.github.com/users/OmniaMostafa98","html_url":"https://github.com/OmniaMostafa98","followers_url":"https://api.github.com/users/OmniaMostafa98/followers","following_url":"https://api.github.com/users/OmniaMostafa98/following{/other_user}","gists_url":"https://api.github.com/users/OmniaMostafa98/gists{/gist_id}","starred_url":"https://api.github.com/users/OmniaMostafa98/starred{/owner}{/repo}","subscriptions_url":"https://api.github.com/users/OmniaMostafa98/subscriptions","organizations_url":"https://api.github.com/users/OmniaMostafa98/orgs","repos_url":"https://api.github.com/users/OmniaMostafa98/repos","events_url":"https://api.github.com/users/OmniaMostafa98/events{/privacy}","received_events_url":"https://api.github.com/users/OmniaMostafa98/received_events","type":"User","site_admin":false,"name":null,"company":null,"blog":"","location":null,"email":null,"hireable":null,"bio":null,"twitter_username":null,"public_repos":5,"public_gists":0,"followers":0,"following":0,"created_at":"2021-01-29T08:24:22Z","updated_at":"2021-05-10T16:23:31Z","private_gists":0,"total_private_repos":1,"owned_private_repos":1,"disk_usage":1040,"collaborators":0,"two_factor_authentication":false,"plan":{"name":"free","space":976562499,"collaborators":0,"private_repos":10000}}
[info] 
[info] +  Success! Logged into GitHub as OmniaMostafa98 
[info] 
[debug] [2021-05-10T17:50:52.690Z] >>> [apiv2][query] GET https://api.github.com/repos/https://github.com/OmniaMostafa98/StudentApp-Angular-.git/actions/secrets/public-key type=owner
[debug] [2021-05-10T17:50:53.165Z] <<< [apiv2][status] GET https://api.github.com/repos/https://github.com/OmniaMostafa98/StudentApp-Angular-.git/actions/secrets/public-key 404
[debug] [2021-05-10T17:50:53.166Z] <<< [apiv2][body] GET https://api.github.com/repos/https://github.com/OmniaMostafa98/StudentApp-Angular-.git/actions/secrets/public-key {"message":"Not Found","documentation_url":"https://docs.github.com/rest"}
[debug] [2021-05-10T17:50:57.905Z] >>> [apiv2][query] GET https://api.github.com/repos//actions/secrets/public-key type=owner
[debug] [2021-05-10T17:50:58.384Z] <<< [apiv2][status] GET https://api.github.com/repos//actions/secrets/public-key 404
[debug] [2021-05-10T17:50:58.384Z] <<< [apiv2][body] GET https://api.github.com/repos//actions/secrets/public-key {"message":"Not Found","documentation_url":"https://docs.github.com/rest"}
[debug] [2021-05-10T17:51:01.679Z] >>> [apiv2][query] GET https://api.github.com/repos//actions/secrets/public-key type=owner
[debug] [2021-05-10T17:51:02.145Z] <<< [apiv2][status] GET https://api.github.com/repos//actions/secrets/public-key 404
[debug] [2021-05-10T17:51:02.145Z] <<< [apiv2][body] GET https://api.github.com/repos//actions/secrets/public-key {"message":"Not Found","documentation_url":"https://docs.github.com/rest"}
